2020-08-24 20:36:48.575  INFO 20092 --- [main] c.s.rabbit.qpid.QpidEmbeddedApplication  : Starting QpidEmbeddedApplication on FR07138346L with PID 20092 (C:\Users\X162416\Desktop\tuto\rfg-qpid-embedded\target\classes started by X162416 in C:\Users\X162416\Desktop\tuto\rfg-qpid-embedded)
2020-08-24 20:36:48.585  INFO 20092 --- [main] c.s.rabbit.qpid.QpidEmbeddedApplication  : No active profile set, falling back to default profiles: default
2020-08-24 20:36:48.797  INFO 20092 --- [main] ationConfigEmbeddedWebApplicationContext : Refreshing org.springframework.boot.context.embedded.AnnotationConfigEmbeddedWebApplicationContext@3ba9ad43: startup date [Mon Aug 24 20:36:48 CEST 2020]; root of context hierarchy
2020-08-24 20:36:58.188  INFO 20092 --- [main] s.b.c.e.t.TomcatEmbeddedServletContainer : Tomcat initialized with port(s): 8099 (http)
2020-08-24 20:36:58.221  INFO 20092 --- [main] o.apache.catalina.core.StandardService   : Starting service [Tomcat]
2020-08-24 20:36:58.224  INFO 20092 --- [main] org.apache.catalina.core.StandardEngine  : Starting Servlet Engine: Apache Tomcat/8.5.23
2020-08-24 20:36:58.610  INFO 20092 --- [localhost-startStop-1] o.a.c.c.C.[Tomcat].[localhost].[/]       : Initializing Spring embedded WebApplicationContext
2020-08-24 20:36:58.611  INFO 20092 --- [localhost-startStop-1] o.s.web.context.ContextLoader            : Root WebApplicationContext: initialization completed in 9815 ms
2020-08-24 20:36:59.356  INFO 20092 --- [localhost-startStop-1] o.s.b.w.servlet.ServletRegistrationBean  : Mapping servlet: 'dispatcherServlet' to [/]
2020-08-24 20:36:59.367  INFO 20092 --- [localhost-startStop-1] o.s.b.w.servlet.FilterRegistrationBean   : Mapping filter: 'metricsFilter' to: [/*]
2020-08-24 20:36:59.368  INFO 20092 --- [localhost-startStop-1] o.s.b.w.servlet.FilterRegistrationBean   : Mapping filter: 'characterEncodingFilter' to: [/*]
2020-08-24 20:36:59.368  INFO 20092 --- [localhost-startStop-1] o.s.b.w.servlet.FilterRegistrationBean   : Mapping filter: 'hiddenHttpMethodFilter' to: [/*]
2020-08-24 20:36:59.369  INFO 20092 --- [localhost-startStop-1] o.s.b.w.servlet.FilterRegistrationBean   : Mapping filter: 'httpPutFormContentFilter' to: [/*]
2020-08-24 20:36:59.369  INFO 20092 --- [localhost-startStop-1] o.s.b.w.servlet.FilterRegistrationBean   : Mapping filter: 'requestContextFilter' to: [/*]
2020-08-24 20:36:59.370  INFO 20092 --- [localhost-startStop-1] o.s.b.w.servlet.FilterRegistrationBean   : Mapping filter: 'webRequestLoggingFilter' to: [/*]
2020-08-24 20:36:59.370  INFO 20092 --- [localhost-startStop-1] o.s.b.w.servlet.FilterRegistrationBean   : Mapping filter: 'applicationContextIdFilter' to: [/*]
2020-08-24 20:36:59.519  INFO 20092 --- [main] c.s.r.qpid.config.EmbededQpidBroker      : Starting QPID Broker...
2020-08-24 20:37:01.719  INFO 20092 --- [Broker-Config] o.a.q.server.store.GenericStoreUpgrader  : Broker store has model version 7.0. Number of record(s) 10
2020-08-24 20:37:01.771  INFO 20092 --- [Broker-Config] q.message.authenticationprovider.create  : [Broker] ATH-1001 : Create "local"
2020-08-24 20:37:01.845  INFO 20092 --- [Broker-Config] qpid.message.port.create                 : [Broker] PRT-1001 : Create "AMQP"
2020-08-24 20:37:01.851  INFO 20092 --- [Broker-Config] qpid.message.port.create                 : [Broker] PRT-1001 : Create "HTTP"
2020-08-24 20:37:01.988  INFO 20092 --- [Broker-Config] qpid.message.broker.config               : [Broker] BRK-1006 : Using configuration : C:\Users\X162416\AppData\Local\Temp\1598294219480-0\config.json
2020-08-24 20:37:02.560  WARN 20092 --- [Broker-Config] o.a.q.s.s.e.AESKeyFileEncrypterFactory   : The AESKeyFile configuration encryption encryption mechanism is not available. Maximum available AES key length is 128 but 256 is required.Ensure the full strength JCE policy has been installed into your JVM.
2020-08-24 20:37:02.570  INFO 20092 --- [Broker-Config] qpid.message.broker.startup              : [Broker] BRK-1001 : Startup : Version: 7.0.2 Build: 963a94da64e6babfe94eca0873f2a13debe6b0fc
2020-08-24 20:37:02.574  INFO 20092 --- [Broker-Config] qpid.message.broker.platform             : [Broker] BRK-1010 : Platform : JVM : Oracle Corporation version: 1.8.0_65-b17 OS : Windows 10 version: 10.0 arch: amd64 cores: 4
2020-08-24 20:37:02.577  INFO 20092 --- [Broker-Config] qpid.message.broker.max_memory           : [Broker] BRK-1011 : Maximum Memory : Heap : 3,780,640,768 bytes Direct : 3,780,640,768 bytes
2020-08-24 20:37:02.579  INFO 20092 --- [Broker-Config] qpid.message.broker.process              : [Broker] BRK-1017 : Process : PID : 20092
2020-08-24 20:37:02.634  INFO 20092 --- [Broker-Config] qpid.message.configstore.created         : [Broker] [vh(/default)/ms(JsonFileConfigStore)] CFG-1001 : Created
2020-08-24 20:37:02.636  INFO 20092 --- [Broker-Config] qpid.message.configstore.store_location  : [Broker] [vh(/default)/ms(JsonFileConfigStore)] CFG-1002 : Store location : C:\Users\X162416\AppData\Local\Temp\1598294219480-0\default\config\
2020-08-24 20:37:02.638  INFO 20092 --- [Broker-Config] qpid.message.configstore.recovery_start  : [Broker] [vh(/default)/ms(JsonFileConfigStore)] CFG-1004 : Recovery Start
2020-08-24 20:37:02.688  INFO 20092 --- [Broker-Config] o.a.q.server.store.GenericStoreUpgrader  : VirtualHost store has model version 7.0. Number of record(s) 5
2020-08-24 20:37:02.708  INFO 20092 --- [Broker-Config] qpid.message.virtualhost.created         : [Broker] VHT-1001 : Created : default
2020-08-24 20:37:02.805  INFO 20092 --- [Broker-Config] q.message.configstore.recovery_complete  : [Broker] [vh(/default)/ms(JsonFileConfigStore)] CFG-1005 : Recovery Complete
2020-08-24 20:37:02.917  INFO 20092 --- [VirtualHostNode-default-Config] qpid.message.exchange.created            : [Broker] EXH-1001 : Create : Durable Type: fanout Name: amq.fanout
2020-08-24 20:37:02.919  INFO 20092 --- [VirtualHostNode-default-Config] qpid.message.exchange.created            : [Broker] EXH-1001 : Create : Durable Type: headers Name: amq.match
2020-08-24 20:37:02.921  INFO 20092 --- [VirtualHostNode-default-Config] qpid.message.exchange.created            : [Broker] EXH-1001 : Create : Durable Type: direct Name: amq.direct
2020-08-24 20:37:02.922  INFO 20092 --- [VirtualHostNode-default-Config] qpid.message.exchange.created            : [Broker] EXH-1001 : Create : Durable Type: topic Name: amq.topic
2020-08-24 20:37:02.931  INFO 20092 --- [Broker-Config] qpid.message.broker.listening            : [Broker] BRK-1002 : Starting : Listening on TCP port 8002
2020-08-24 20:37:02.943  INFO 20092 --- [Broker-Config] qpid.message.managementconsole.startup   : [Broker] MNG-1001 : Web Management Startup
2020-08-24 20:37:02.977  INFO 20092 --- [Broker-Config] org.eclipse.jetty.util.log               : Logging initialized @17834ms to org.eclipse.jetty.util.log.Slf4jLog
2020-08-24 20:37:03.384  INFO 20092 --- [Broker-Config] org.eclipse.jetty.server.Server          : jetty-9.4.7.v20170914
2020-08-24 20:37:03.496  INFO 20092 --- [Broker-Config] org.eclipse.jetty.server.session         : DefaultSessionIdManager workerName=node0
2020-08-24 20:37:03.497  INFO 20092 --- [Broker-Config] org.eclipse.jetty.server.session         : No SessionScavenger set, using defaults
2020-08-24 20:37:03.503  INFO 20092 --- [Broker-Config] org.eclipse.jetty.server.session         : Scavenging every 660000ms
2020-08-24 20:37:03.575  INFO 20092 --- [Broker-Config] o.e.jetty.server.handler.ContextHandler  : Started o.e.j.s.ServletContextHandler@56dfc244{/,null,AVAILABLE}
2020-08-24 20:37:03.640  INFO 20092 --- [Broker-Config] o.e.jetty.server.AbstractConnector       : Started @5ee37375{HTTP/1.1,[http/1.1]}{0.0.0.0:8085}
2020-08-24 20:37:03.641  INFO 20092 --- [Broker-Config] org.eclipse.jetty.server.Server          : Started @18503ms
2020-08-24 20:37:03.643  INFO 20092 --- [Broker-Config] q.message.managementconsole.listening    : [Broker] MNG-1002 : Starting : HTTP : Listening on TCP port 8085
2020-08-24 20:37:03.646  INFO 20092 --- [Broker-Config] qpid.message.managementconsole.ready     : [Broker] MNG-1004 : Web Management Ready
2020-08-24 20:37:05.463  INFO 20092 --- [VirtualHostNode-default-Config] qpid.message.messagestore.created        : [Broker] [vh(/default)/ms(DerbyMessageStore)] MST-1001 : Created
2020-08-24 20:37:05.465  INFO 20092 --- [VirtualHostNode-default-Config] q.message.messagestore.store_location    : [Broker] [vh(/default)/ms(DerbyMessageStore)] MST-1002 : Store location : C:\Users\X162416\AppData\Local\Temp\1598294219480-0\default\messages
2020-08-24 20:37:05.585  INFO 20092 --- [VirtualHostNode-default-Config] q.message.messagestore.recovery_start    : [Broker] [vh(/default)/ms(DerbyMessageStore)] MST-1004 : Recovery Start
2020-08-24 20:37:05.603  INFO 20092 --- [VirtualHostNode-default-Config] q.message.transactionlog.recovery_start  : [Broker] [vh(/default)/ms(DerbyMessageStore)] TXN-1004 : Recovery Start
2020-08-24 20:37:05.631  INFO 20092 --- [VirtualHostNode-default-Config] q.m.transactionlog.recovery_complete     : [Broker] [vh(/default)/ms(DerbyMessageStore)] TXN-1006 : Recovery Complete
2020-08-24 20:37:05.634  INFO 20092 --- [VirtualHostNode-default-Config] qpid.message.messagestore.recovered      : [Broker] [vh(/default)/ms(DerbyMessageStore)] MST-1005 : Recovered 0 messages
2020-08-24 20:37:05.636  INFO 20092 --- [VirtualHostNode-default-Config] q.m.messagestore.recovery_complete       : [Broker] [vh(/default)/ms(DerbyMessageStore)] MST-1006 : Recovery Complete
2020-08-24 20:37:05.660  INFO 20092 --- [Broker-Config] qpid.message.broker.ready                : [Broker] BRK-1004 : Qpid Broker Ready
2020-08-24 20:37:05.661  INFO 20092 --- [main] c.s.r.qpid.config.EmbededQpidBroker      : Successfully Started QPID Broker...
2020-08-24 20:37:07.144  INFO 20092 --- [main] s.w.s.m.m.a.RequestMappingHandlerAdapter : Looking for @ControllerAdvice: org.springframework.boot.context.embedded.AnnotationConfigEmbeddedWebApplicationContext@3ba9ad43: startup date [Mon Aug 24 20:36:48 CEST 2020]; root of context hierarchy
2020-08-24 20:37:07.424  INFO 20092 --- [main] s.w.s.m.m.a.RequestMappingHandlerMapping : Mapped "{[/error]}" onto public org.springframework.http.ResponseEntity<java.util.Map<java.lang.String, java.lang.Object>> org.springframework.boot.autoconfigure.web.BasicErrorController.error(javax.servlet.http.HttpServletRequest)
2020-08-24 20:37:07.427  INFO 20092 --- [main] s.w.s.m.m.a.RequestMappingHandlerMapping : Mapped "{[/error],produces=[text/html]}" onto public org.springframework.web.servlet.ModelAndView org.springframework.boot.autoconfigure.web.BasicErrorController.errorHtml(javax.servlet.http.HttpServletRequest,javax.servlet.http.HttpServletResponse)
2020-08-24 20:37:07.608  INFO 20092 --- [main] o.s.w.s.handler.SimpleUrlHandlerMapping  : Mapped URL path [/webjars/**] onto handler of type [class org.springframework.web.servlet.resource.ResourceHttpRequestHandler]
2020-08-24 20:37:07.609  INFO 20092 --- [main] o.s.w.s.handler.SimpleUrlHandlerMapping  : Mapped URL path [/**] onto handler of type [class org.springframework.web.servlet.resource.ResourceHttpRequestHandler]
2020-08-24 20:37:07.800  INFO 20092 --- [main] o.s.w.s.handler.SimpleUrlHandlerMapping  : Mapped URL path [/**/favicon.ico] onto handler of type [class org.springframework.web.servlet.resource.ResourceHttpRequestHandler]
2020-08-24 20:37:07.997  INFO 20092 --- [main] oConfiguration$WelcomePageHandlerMapping : Adding welcome page: class path resource [resources/index.html]
2020-08-24 20:37:09.007  INFO 20092 --- [main] o.s.b.a.e.mvc.EndpointHandlerMapping     : Mapped "{[/env/{name:.*}],methods=[GET],produces=[application/vnd.spring-boot.actuator.v1+json || application/json]}" onto public java.lang.Object org.springframework.boot.actuate.endpoint.mvc.EnvironmentMvcEndpoint.value(java.lang.String)
2020-08-24 20:37:09.009  INFO 20092 --- [main] o.s.b.a.e.mvc.EndpointHandlerMapping     : Mapped "{[/env || /env.json],methods=[GET],produces=[application/vnd.spring-boot.actuator.v1+json || application/json]}" onto public java.lang.Object org.springframework.boot.actuate.endpoint.mvc.EndpointMvcAdapter.invoke()
2020-08-24 20:37:09.012  INFO 20092 --- [main] o.s.b.a.e.mvc.EndpointHandlerMapping     : Mapped "{[/configprops || /configprops.json],methods=[GET],produces=[application/vnd.spring-boot.actuator.v1+json || application/json]}" onto public java.lang.Object org.springframework.boot.actuate.endpoint.mvc.EndpointMvcAdapter.invoke()
2020-08-24 20:37:09.017  INFO 20092 --- [main] o.s.b.a.e.mvc.EndpointHandlerMapping     : Mapped "{[/metrics/{name:.*}],methods=[GET],produces=[application/vnd.spring-boot.actuator.v1+json || application/json]}" onto public java.lang.Object org.springframework.boot.actuate.endpoint.mvc.MetricsMvcEndpoint.value(java.lang.String)
2020-08-24 20:37:09.020  INFO 20092 --- [main] o.s.b.a.e.mvc.EndpointHandlerMapping     : Mapped "{[/metrics || /metrics.json],methods=[GET],produces=[application/vnd.spring-boot.actuator.v1+json || application/json]}" onto public java.lang.Object org.springframework.boot.actuate.endpoint.mvc.EndpointMvcAdapter.invoke()
2020-08-24 20:37:09.022  INFO 20092 --- [main] o.s.b.a.e.mvc.EndpointHandlerMapping     : Mapped "{[/auditevents || /auditevents.json],methods=[GET],produces=[application/vnd.spring-boot.actuator.v1+json || application/json]}" onto public org.springframework.http.ResponseEntity<?> org.springframework.boot.actuate.endpoint.mvc.AuditEventsMvcEndpoint.findByPrincipalAndAfterAndType(java.lang.String,java.util.Date,java.lang.String)
2020-08-24 20:37:09.024  INFO 20092 --- [main] o.s.b.a.e.mvc.EndpointHandlerMapping     : Mapped "{[/heapdump || /heapdump.json],methods=[GET],produces=[application/octet-stream]}" onto public void org.springframework.boot.actuate.endpoint.mvc.HeapdumpMvcEndpoint.invoke(boolean,javax.servlet.http.HttpServletRequest,javax.servlet.http.HttpServletResponse) throws java.io.IOException,javax.servlet.ServletException
2020-08-24 20:37:09.027  INFO 20092 --- [main] o.s.b.a.e.mvc.EndpointHandlerMapping     : Mapped "{[/autoconfig || /autoconfig.json],methods=[GET],produces=[application/vnd.spring-boot.actuator.v1+json || application/json]}" onto public java.lang.Object org.springframework.boot.actuate.endpoint.mvc.EndpointMvcAdapter.invoke()
2020-08-24 20:37:09.029  INFO 20092 --- [main] o.s.b.a.e.mvc.EndpointHandlerMapping     : Mapped "{[/mappings || /mappings.json],methods=[GET],produces=[application/vnd.spring-boot.actuator.v1+json || application/json]}" onto public java.lang.Object org.springframework.boot.actuate.endpoint.mvc.EndpointMvcAdapter.invoke()
2020-08-24 20:37:09.035  INFO 20092 --- [main] o.s.b.a.e.mvc.EndpointHandlerMapping     : Mapped "{[/beans || /beans.json],methods=[GET],produces=[application/vnd.spring-boot.actuator.v1+json || application/json]}" onto public java.lang.Object org.springframework.boot.actuate.endpoint.mvc.EndpointMvcAdapter.invoke()
2020-08-24 20:37:09.040  INFO 20092 --- [main] o.s.b.a.e.mvc.EndpointHandlerMapping     : Mapped "{[/trace || /trace.json],methods=[GET],produces=[application/vnd.spring-boot.actuator.v1+json || application/json]}" onto public java.lang.Object org.springframework.boot.actuate.endpoint.mvc.EndpointMvcAdapter.invoke()
2020-08-24 20:37:09.041  INFO 20092 --- [main] o.s.b.a.e.mvc.EndpointHandlerMapping     : Mapped "{[/health || /health.json],methods=[GET],produces=[application/vnd.spring-boot.actuator.v1+json || application/json]}" onto public java.lang.Object org.springframework.boot.actuate.endpoint.mvc.HealthMvcEndpoint.invoke(javax.servlet.http.HttpServletRequest,java.security.Principal)
2020-08-24 20:37:09.043  INFO 20092 --- [main] o.s.b.a.e.mvc.EndpointHandlerMapping     : Mapped "{[/info || /info.json],methods=[GET],produces=[application/vnd.spring-boot.actuator.v1+json || application/json]}" onto public java.lang.Object org.springframework.boot.actuate.endpoint.mvc.EndpointMvcAdapter.invoke()
2020-08-24 20:37:09.050  INFO 20092 --- [main] o.s.b.a.e.mvc.EndpointHandlerMapping     : Mapped "{[/loggers/{name:.*}],methods=[GET],produces=[application/vnd.spring-boot.actuator.v1+json || application/json]}" onto public java.lang.Object org.springframework.boot.actuate.endpoint.mvc.LoggersMvcEndpoint.get(java.lang.String)
2020-08-24 20:37:09.051  INFO 20092 --- [main] o.s.b.a.e.mvc.EndpointHandlerMapping     : Mapped "{[/loggers/{name:.*}],methods=[POST],consumes=[application/vnd.spring-boot.actuator.v1+json || application/json],produces=[application/vnd.spring-boot.actuator.v1+json || application/json]}" onto public java.lang.Object org.springframework.boot.actuate.endpoint.mvc.LoggersMvcEndpoint.set(java.lang.String,java.util.Map<java.lang.String, java.lang.String>)
2020-08-24 20:37:09.052  INFO 20092 --- [main] o.s.b.a.e.mvc.EndpointHandlerMapping     : Mapped "{[/loggers || /loggers.json],methods=[GET],produces=[application/vnd.spring-boot.actuator.v1+json || application/json]}" onto public java.lang.Object org.springframework.boot.actuate.endpoint.mvc.EndpointMvcAdapter.invoke()
2020-08-24 20:37:09.057  INFO 20092 --- [main] o.s.b.a.e.mvc.EndpointHandlerMapping     : Mapped "{[/dump || /dump.json],methods=[GET],produces=[application/vnd.spring-boot.actuator.v1+json || application/json]}" onto public java.lang.Object org.springframework.boot.actuate.endpoint.mvc.EndpointMvcAdapter.invoke()
2020-08-24 20:37:09.059  INFO 20092 --- [main] o.s.b.a.e.mvc.EndpointHandlerMapping     : Mapped "{[/logfile || /logfile.json],methods=[GET || HEAD]}" onto public void org.springframework.boot.actuate.endpoint.mvc.LogFileMvcEndpoint.invoke(javax.servlet.http.HttpServletRequest,javax.servlet.http.HttpServletResponse) throws javax.servlet.ServletException,java.io.IOException
2020-08-24 20:37:09.421  INFO 20092 --- [main] o.s.j.e.a.AnnotationMBeanExporter        : Registering beans for JMX exposure on startup
2020-08-24 20:37:09.458  INFO 20092 --- [main] o.s.c.support.DefaultLifecycleProcessor  : Starting beans in phase 0
2020-08-24 20:37:09.871  INFO 20092 --- [main] s.b.c.e.t.TomcatEmbeddedServletContainer : Tomcat started on port(s): 8099 (http)
2020-08-24 20:37:09.886  INFO 20092 --- [main] c.s.rabbit.qpid.QpidEmbeddedApplication  : Started QpidEmbeddedApplication in 22.783 seconds (JVM running for 24.749)
2020-08-24 20:37:20.470  INFO 20092 --- [FileSystemSpaceChecker[default]] q.message.virtualhost.filesystem_full    : [FileSystemSpaceChecker[default]] [vh(/default)/ms(DerbyMessageStore)] VHT-1006 : Filesystem is over 90 per cent full, enforcing flow control.
2020-08-24 20:44:52.648  INFO 18228 --- [main] c.s.rabbit.qpid.QpidEmbeddedApplication  : Starting QpidEmbeddedApplication on FR07138346L with PID 18228 (C:\Users\X162416\Desktop\tuto\rfg-qpid-embedded\target\classes started by X162416 in C:\Users\X162416\Desktop\tuto\rfg-qpid-embedded)
2020-08-24 20:44:52.669  INFO 18228 --- [main] c.s.rabbit.qpid.QpidEmbeddedApplication  : The following profiles are active: dev
2020-08-24 20:44:53.088  INFO 18228 --- [main] ationConfigEmbeddedWebApplicationContext : Refreshing org.springframework.boot.context.embedded.AnnotationConfigEmbeddedWebApplicationContext@72057ecf: startup date [Mon Aug 24 20:44:53 CEST 2020]; root of context hierarchy
2020-08-24 20:45:02.099  INFO 18228 --- [main] s.b.c.e.t.TomcatEmbeddedServletContainer : Tomcat initialized with port(s): 8099 (http)
2020-08-24 20:45:02.196  INFO 18228 --- [main] o.apache.catalina.core.StandardService   : Starting service [Tomcat]
2020-08-24 20:45:02.200  INFO 18228 --- [main] org.apache.catalina.core.StandardEngine  : Starting Servlet Engine: Apache Tomcat/8.5.23
2020-08-24 20:45:02.837  INFO 18228 --- [localhost-startStop-1] o.a.c.c.C.[Tomcat].[localhost].[/]       : Initializing Spring embedded WebApplicationContext
2020-08-24 20:45:02.839  INFO 18228 --- [localhost-startStop-1] o.s.web.context.ContextLoader            : Root WebApplicationContext: initialization completed in 9751 ms
2020-08-24 20:45:03.891  INFO 18228 --- [localhost-startStop-1] o.s.b.w.servlet.ServletRegistrationBean  : Mapping servlet: 'dispatcherServlet' to [/]
2020-08-24 20:45:03.899  INFO 18228 --- [localhost-startStop-1] o.s.b.w.servlet.FilterRegistrationBean   : Mapping filter: 'metricsFilter' to: [/*]
2020-08-24 20:45:03.901  INFO 18228 --- [localhost-startStop-1] o.s.b.w.servlet.FilterRegistrationBean   : Mapping filter: 'characterEncodingFilter' to: [/*]
2020-08-24 20:45:03.902  INFO 18228 --- [localhost-startStop-1] o.s.b.w.servlet.FilterRegistrationBean   : Mapping filter: 'hiddenHttpMethodFilter' to: [/*]
2020-08-24 20:45:03.903  INFO 18228 --- [localhost-startStop-1] o.s.b.w.servlet.FilterRegistrationBean   : Mapping filter: 'httpPutFormContentFilter' to: [/*]
2020-08-24 20:45:03.904  INFO 18228 --- [localhost-startStop-1] o.s.b.w.servlet.FilterRegistrationBean   : Mapping filter: 'requestContextFilter' to: [/*]
2020-08-24 20:45:03.904  INFO 18228 --- [localhost-startStop-1] o.s.b.w.servlet.FilterRegistrationBean   : Mapping filter: 'webRequestLoggingFilter' to: [/*]
2020-08-24 20:45:03.905  INFO 18228 --- [localhost-startStop-1] o.s.b.w.servlet.FilterRegistrationBean   : Mapping filter: 'applicationContextIdFilter' to: [/*]
2020-08-24 20:45:04.056  INFO 18228 --- [main] c.s.r.qpid.config.EmbededQpidBroker      : Starting QPID Broker...
2020-08-24 20:45:06.030  INFO 18228 --- [Broker-Config] o.a.q.server.store.GenericStoreUpgrader  : Broker store has model version 7.0. Number of record(s) 10
2020-08-24 20:45:06.104  INFO 18228 --- [Broker-Config] q.message.authenticationprovider.create  : [Broker] ATH-1001 : Create "local"
2020-08-24 20:45:06.125  INFO 18228 --- [Broker-Config] qpid.message.port.create                 : [Broker] PRT-1001 : Create "AMQP"
2020-08-24 20:45:06.128  INFO 18228 --- [Broker-Config] qpid.message.port.create                 : [Broker] PRT-1001 : Create "HTTP"
2020-08-24 20:45:06.187  INFO 18228 --- [Broker-Config] qpid.message.broker.config               : [Broker] BRK-1006 : Using configuration : C:\Users\X162416\AppData\Local\Temp\1598294704035-0\config.json
2020-08-24 20:45:06.724  WARN 18228 --- [Broker-Config] o.a.q.s.s.e.AESKeyFileEncrypterFactory   : The AESKeyFile configuration encryption encryption mechanism is not available. Maximum available AES key length is 128 but 256 is required.Ensure the full strength JCE policy has been installed into your JVM.
2020-08-24 20:45:06.735  INFO 18228 --- [Broker-Config] qpid.message.broker.startup              : [Broker] BRK-1001 : Startup : Version: 7.0.2 Build: 963a94da64e6babfe94eca0873f2a13debe6b0fc
2020-08-24 20:45:06.740  INFO 18228 --- [Broker-Config] qpid.message.broker.platform             : [Broker] BRK-1010 : Platform : JVM : Oracle Corporation version: 1.8.0_65-b17 OS : Windows 10 version: 10.0 arch: amd64 cores: 4
2020-08-24 20:45:06.743  INFO 18228 --- [Broker-Config] qpid.message.broker.max_memory           : [Broker] BRK-1011 : Maximum Memory : Heap : 3,780,640,768 bytes Direct : 3,780,640,768 bytes
2020-08-24 20:45:06.745  INFO 18228 --- [Broker-Config] qpid.message.broker.process              : [Broker] BRK-1017 : Process : PID : 18228
2020-08-24 20:45:06.851  INFO 18228 --- [Broker-Config] qpid.message.configstore.created         : [Broker] [vh(/default)/ms(JsonFileConfigStore)] CFG-1001 : Created
2020-08-24 20:45:06.853  INFO 18228 --- [Broker-Config] qpid.message.configstore.store_location  : [Broker] [vh(/default)/ms(JsonFileConfigStore)] CFG-1002 : Store location : C:\Users\X162416\AppData\Local\Temp\1598294704035-0\default\config\
2020-08-24 20:45:06.855  INFO 18228 --- [Broker-Config] qpid.message.configstore.recovery_start  : [Broker] [vh(/default)/ms(JsonFileConfigStore)] CFG-1004 : Recovery Start
2020-08-24 20:45:06.899  INFO 18228 --- [Broker-Config] o.a.q.server.store.GenericStoreUpgrader  : VirtualHost store has model version 7.0. Number of record(s) 5
2020-08-24 20:45:06.916  INFO 18228 --- [Broker-Config] qpid.message.virtualhost.created         : [Broker] VHT-1001 : Created : default
2020-08-24 20:45:07.033  INFO 18228 --- [Broker-Config] q.message.configstore.recovery_complete  : [Broker] [vh(/default)/ms(JsonFileConfigStore)] CFG-1005 : Recovery Complete
2020-08-24 20:45:07.127  INFO 18228 --- [VirtualHostNode-default-Config] qpid.message.exchange.created            : [Broker] EXH-1001 : Create : Durable Type: direct Name: amq.direct
2020-08-24 20:45:07.128  INFO 18228 --- [VirtualHostNode-default-Config] qpid.message.exchange.created            : [Broker] EXH-1001 : Create : Durable Type: topic Name: amq.topic
2020-08-24 20:45:07.129  INFO 18228 --- [VirtualHostNode-default-Config] qpid.message.exchange.created            : [Broker] EXH-1001 : Create : Durable Type: fanout Name: amq.fanout
2020-08-24 20:45:07.130  INFO 18228 --- [VirtualHostNode-default-Config] qpid.message.exchange.created            : [Broker] EXH-1001 : Create : Durable Type: headers Name: amq.match
2020-08-24 20:45:07.144  INFO 18228 --- [Broker-Config] qpid.message.broker.listening            : [Broker] BRK-1002 : Starting : Listening on TCP port 8002
2020-08-24 20:45:07.156  INFO 18228 --- [Broker-Config] qpid.message.managementconsole.startup   : [Broker] MNG-1001 : Web Management Startup
2020-08-24 20:45:07.191  INFO 18228 --- [Broker-Config] org.eclipse.jetty.util.log               : Logging initialized @18319ms to org.eclipse.jetty.util.log.Slf4jLog
2020-08-24 20:45:07.556  INFO 18228 --- [Broker-Config] org.eclipse.jetty.server.Server          : jetty-9.4.7.v20170914
2020-08-24 20:45:07.662  INFO 18228 --- [Broker-Config] org.eclipse.jetty.server.session         : DefaultSessionIdManager workerName=node0
2020-08-24 20:45:07.662  INFO 18228 --- [Broker-Config] org.eclipse.jetty.server.session         : No SessionScavenger set, using defaults
2020-08-24 20:45:07.667  INFO 18228 --- [Broker-Config] org.eclipse.jetty.server.session         : Scavenging every 600000ms
2020-08-24 20:45:07.767  INFO 18228 --- [Broker-Config] o.e.jetty.server.handler.ContextHandler  : Started o.e.j.s.ServletContextHandler@6fea6191{/,null,AVAILABLE}
2020-08-24 20:45:07.859  INFO 18228 --- [Broker-Config] o.e.jetty.server.AbstractConnector       : Started @5f63f32f{HTTP/1.1,[http/1.1]}{0.0.0.0:8085}
2020-08-24 20:45:07.860  INFO 18228 --- [Broker-Config] org.eclipse.jetty.server.Server          : Started @18993ms
2020-08-24 20:45:07.862  INFO 18228 --- [Broker-Config] q.message.managementconsole.listening    : [Broker] MNG-1002 : Starting : HTTP : Listening on TCP port 8085
2020-08-24 20:45:07.864  INFO 18228 --- [Broker-Config] qpid.message.managementconsole.ready     : [Broker] MNG-1004 : Web Management Ready
2020-08-24 20:45:10.101  INFO 18228 --- [VirtualHostNode-default-Config] qpid.message.messagestore.created        : [Broker] [vh(/default)/ms(DerbyMessageStore)] MST-1001 : Created
2020-08-24 20:45:10.103  INFO 18228 --- [VirtualHostNode-default-Config] q.message.messagestore.store_location    : [Broker] [vh(/default)/ms(DerbyMessageStore)] MST-1002 : Store location : C:\Users\X162416\AppData\Local\Temp\1598294704035-0\default\messages
2020-08-24 20:45:10.202  INFO 18228 --- [VirtualHostNode-default-Config] q.message.messagestore.recovery_start    : [Broker] [vh(/default)/ms(DerbyMessageStore)] MST-1004 : Recovery Start
2020-08-24 20:45:10.217  INFO 18228 --- [VirtualHostNode-default-Config] q.message.transactionlog.recovery_start  : [Broker] [vh(/default)/ms(DerbyMessageStore)] TXN-1004 : Recovery Start
2020-08-24 20:45:10.236  INFO 18228 --- [VirtualHostNode-default-Config] q.m.transactionlog.recovery_complete     : [Broker] [vh(/default)/ms(DerbyMessageStore)] TXN-1006 : Recovery Complete
2020-08-24 20:45:10.238  INFO 18228 --- [VirtualHostNode-default-Config] qpid.message.messagestore.recovered      : [Broker] [vh(/default)/ms(DerbyMessageStore)] MST-1005 : Recovered 0 messages
2020-08-24 20:45:10.239  INFO 18228 --- [VirtualHostNode-default-Config] q.m.messagestore.recovery_complete       : [Broker] [vh(/default)/ms(DerbyMessageStore)] MST-1006 : Recovery Complete
2020-08-24 20:45:10.260  INFO 18228 --- [Broker-Config] qpid.message.broker.ready                : [Broker] BRK-1004 : Qpid Broker Ready
2020-08-24 20:45:10.261  INFO 18228 --- [main] c.s.r.qpid.config.EmbededQpidBroker      : Successfully Started QPID Broker...
2020-08-24 20:45:11.318  INFO 18228 --- [main] s.w.s.m.m.a.RequestMappingHandlerAdapter : Looking for @ControllerAdvice: org.springframework.boot.context.embedded.AnnotationConfigEmbeddedWebApplicationContext@72057ecf: startup date [Mon Aug 24 20:44:53 CEST 2020]; root of context hierarchy
2020-08-24 20:45:11.605  INFO 18228 --- [main] s.w.s.m.m.a.RequestMappingHandlerMapping : Mapped "{[/error]}" onto public org.springframework.http.ResponseEntity<java.util.Map<java.lang.String, java.lang.Object>> org.springframework.boot.autoconfigure.web.BasicErrorController.error(javax.servlet.http.HttpServletRequest)
2020-08-24 20:45:11.609  INFO 18228 --- [main] s.w.s.m.m.a.RequestMappingHandlerMapping : Mapped "{[/error],produces=[text/html]}" onto public org.springframework.web.servlet.ModelAndView org.springframework.boot.autoconfigure.web.BasicErrorController.errorHtml(javax.servlet.http.HttpServletRequest,javax.servlet.http.HttpServletResponse)
2020-08-24 20:45:11.692  INFO 18228 --- [main] o.s.w.s.handler.SimpleUrlHandlerMapping  : Mapped URL path [/webjars/**] onto handler of type [class org.springframework.web.servlet.resource.ResourceHttpRequestHandler]
2020-08-24 20:45:11.694  INFO 18228 --- [main] o.s.w.s.handler.SimpleUrlHandlerMapping  : Mapped URL path [/**] onto handler of type [class org.springframework.web.servlet.resource.ResourceHttpRequestHandler]
2020-08-24 20:45:11.800  INFO 18228 --- [main] o.s.w.s.handler.SimpleUrlHandlerMapping  : Mapped URL path [/**/favicon.ico] onto handler of type [class org.springframework.web.servlet.resource.ResourceHttpRequestHandler]
2020-08-24 20:45:11.943  INFO 18228 --- [main] oConfiguration$WelcomePageHandlerMapping : Adding welcome page: class path resource [resources/index.html]
2020-08-24 20:45:12.947  INFO 18228 --- [main] o.s.b.a.e.mvc.EndpointHandlerMapping     : Mapped "{[/autoconfig || /autoconfig.json],methods=[GET],produces=[application/vnd.spring-boot.actuator.v1+json || application/json]}" onto public java.lang.Object org.springframework.boot.actuate.endpoint.mvc.EndpointMvcAdapter.invoke()
2020-08-24 20:45:12.953  INFO 18228 --- [main] o.s.b.a.e.mvc.EndpointHandlerMapping     : Mapped "{[/loggers/{name:.*}],methods=[GET],produces=[application/vnd.spring-boot.actuator.v1+json || application/json]}" onto public java.lang.Object org.springframework.boot.actuate.endpoint.mvc.LoggersMvcEndpoint.get(java.lang.String)
2020-08-24 20:45:12.957  INFO 18228 --- [main] o.s.b.a.e.mvc.EndpointHandlerMapping     : Mapped "{[/loggers/{name:.*}],methods=[POST],consumes=[application/vnd.spring-boot.actuator.v1+json || application/json],produces=[application/vnd.spring-boot.actuator.v1+json || application/json]}" onto public java.lang.Object org.springframework.boot.actuate.endpoint.mvc.LoggersMvcEndpoint.set(java.lang.String,java.util.Map<java.lang.String, java.lang.String>)
2020-08-24 20:45:12.958  INFO 18228 --- [main] o.s.b.a.e.mvc.EndpointHandlerMapping     : Mapped "{[/loggers || /loggers.json],methods=[GET],produces=[application/vnd.spring-boot.actuator.v1+json || application/json]}" onto public java.lang.Object org.springframework.boot.actuate.endpoint.mvc.EndpointMvcAdapter.invoke()
2020-08-24 20:45:12.960  INFO 18228 --- [main] o.s.b.a.e.mvc.EndpointHandlerMapping     : Mapped "{[/auditevents || /auditevents.json],methods=[GET],produces=[application/vnd.spring-boot.actuator.v1+json || application/json]}" onto public org.springframework.http.ResponseEntity<?> org.springframework.boot.actuate.endpoint.mvc.AuditEventsMvcEndpoint.findByPrincipalAndAfterAndType(java.lang.String,java.util.Date,java.lang.String)
2020-08-24 20:45:12.962  INFO 18228 --- [main] o.s.b.a.e.mvc.EndpointHandlerMapping     : Mapped "{[/trace || /trace.json],methods=[GET],produces=[application/vnd.spring-boot.actuator.v1+json || application/json]}" onto public java.lang.Object org.springframework.boot.actuate.endpoint.mvc.EndpointMvcAdapter.invoke()
2020-08-24 20:45:12.966  INFO 18228 --- [main] o.s.b.a.e.mvc.EndpointHandlerMapping     : Mapped "{[/env/{name:.*}],methods=[GET],produces=[application/vnd.spring-boot.actuator.v1+json || application/json]}" onto public java.lang.Object org.springframework.boot.actuate.endpoint.mvc.EnvironmentMvcEndpoint.value(java.lang.String)
2020-08-24 20:45:12.967  INFO 18228 --- [main] o.s.b.a.e.mvc.EndpointHandlerMapping     : Mapped "{[/env || /env.json],methods=[GET],produces=[application/vnd.spring-boot.actuator.v1+json || application/json]}" onto public java.lang.Object org.springframework.boot.actuate.endpoint.mvc.EndpointMvcAdapter.invoke()
2020-08-24 20:45:12.969  INFO 18228 --- [main] o.s.b.a.e.mvc.EndpointHandlerMapping     : Mapped "{[/heapdump || /heapdump.json],methods=[GET],produces=[application/octet-stream]}" onto public void org.springframework.boot.actuate.endpoint.mvc.HeapdumpMvcEndpoint.invoke(boolean,javax.servlet.http.HttpServletRequest,javax.servlet.http.HttpServletResponse) throws java.io.IOException,javax.servlet.ServletException
2020-08-24 20:45:12.983  INFO 18228 --- [main] o.s.b.a.e.mvc.EndpointHandlerMapping     : Mapped "{[/metrics/{name:.*}],methods=[GET],produces=[application/vnd.spring-boot.actuator.v1+json || application/json]}" onto public java.lang.Object org.springframework.boot.actuate.endpoint.mvc.MetricsMvcEndpoint.value(java.lang.String)
2020-08-24 20:45:12.984  INFO 18228 --- [main] o.s.b.a.e.mvc.EndpointHandlerMapping     : Mapped "{[/metrics || /metrics.json],methods=[GET],produces=[application/vnd.spring-boot.actuator.v1+json || application/json]}" onto public java.lang.Object org.springframework.boot.actuate.endpoint.mvc.EndpointMvcAdapter.invoke()
2020-08-24 20:45:12.989  INFO 18228 --- [main] o.s.b.a.e.mvc.EndpointHandlerMapping     : Mapped "{[/configprops || /configprops.json],methods=[GET],produces=[application/vnd.spring-boot.actuator.v1+json || application/json]}" onto public java.lang.Object org.springframework.boot.actuate.endpoint.mvc.EndpointMvcAdapter.invoke()
2020-08-24 20:45:12.990  INFO 18228 --- [main] o.s.b.a.e.mvc.EndpointHandlerMapping     : Mapped "{[/logfile || /logfile.json],methods=[GET || HEAD]}" onto public void org.springframework.boot.actuate.endpoint.mvc.LogFileMvcEndpoint.invoke(javax.servlet.http.HttpServletRequest,javax.servlet.http.HttpServletResponse) throws javax.servlet.ServletException,java.io.IOException
2020-08-24 20:45:12.992  INFO 18228 --- [main] o.s.b.a.e.mvc.EndpointHandlerMapping     : Mapped "{[/mappings || /mappings.json],methods=[GET],produces=[application/vnd.spring-boot.actuator.v1+json || application/json]}" onto public java.lang.Object org.springframework.boot.actuate.endpoint.mvc.EndpointMvcAdapter.invoke()
2020-08-24 20:45:12.994  INFO 18228 --- [main] o.s.b.a.e.mvc.EndpointHandlerMapping     : Mapped "{[/health || /health.json],methods=[GET],produces=[application/vnd.spring-boot.actuator.v1+json || application/json]}" onto public java.lang.Object org.springframework.boot.actuate.endpoint.mvc.HealthMvcEndpoint.invoke(javax.servlet.http.HttpServletRequest,java.security.Principal)
2020-08-24 20:45:12.997  INFO 18228 --- [main] o.s.b.a.e.mvc.EndpointHandlerMapping     : Mapped "{[/beans || /beans.json],methods=[GET],produces=[application/vnd.spring-boot.actuator.v1+json || application/json]}" onto public java.lang.Object org.springframework.boot.actuate.endpoint.mvc.EndpointMvcAdapter.invoke()
2020-08-24 20:45:12.999  INFO 18228 --- [main] o.s.b.a.e.mvc.EndpointHandlerMapping     : Mapped "{[/info || /info.json],methods=[GET],produces=[application/vnd.spring-boot.actuator.v1+json || application/json]}" onto public java.lang.Object org.springframework.boot.actuate.endpoint.mvc.EndpointMvcAdapter.invoke()
2020-08-24 20:45:13.001  INFO 18228 --- [main] o.s.b.a.e.mvc.EndpointHandlerMapping     : Mapped "{[/dump || /dump.json],methods=[GET],produces=[application/vnd.spring-boot.actuator.v1+json || application/json]}" onto public java.lang.Object org.springframework.boot.actuate.endpoint.mvc.EndpointMvcAdapter.invoke()
2020-08-24 20:45:13.380  INFO 18228 --- [main] o.s.j.e.a.AnnotationMBeanExporter        : Registering beans for JMX exposure on startup
2020-08-24 20:45:13.434  INFO 18228 --- [main] o.s.c.support.DefaultLifecycleProcessor  : Starting beans in phase 0
2020-08-24 20:45:13.807  INFO 18228 --- [main] s.b.c.e.t.TomcatEmbeddedServletContainer : Tomcat started on port(s): 8099 (http)
2020-08-24 20:45:13.824  INFO 18228 --- [main] c.s.rabbit.qpid.QpidEmbeddedApplication  : Started QpidEmbeddedApplication in 23.229 seconds (JVM running for 24.957)
2020-08-24 20:45:25.118  INFO 18228 --- [FileSystemSpaceChecker[default]] q.message.virtualhost.filesystem_full    : [FileSystemSpaceChecker[default]] [vh(/default)/ms(DerbyMessageStore)] VHT-1006 : Filesystem is over 90 per cent full, enforcing flow control.
2020-08-24 20:51:50.857  INFO 18228 --- [Broker-Config] qpid.message.connection.open             : [con:0(/127.0.0.1:62736)] CON-1001 : Open : Destination : AMQP(127.0.0.1:8002) : Protocol Version : 0-9-1
2020-08-24 20:51:51.202  INFO 18228 --- [IO-/127.0.0.1:62736] qpid.message.connection.open             : [con:0(guest@/127.0.0.1:62736/default)] CON-1001 : Open : Destination : AMQP(127.0.0.1:8002) : Protocol Version : 0-9-1 : Client ID : ef724dee-5815-42c6-8717-4b16bcdee6a7 : Client Version : 5.9.0 : Client Product : RabbitMQ
2020-08-24 20:51:51.664  INFO 18228 --- [IO-/127.0.0.1:62736] qpid.message.channel.create              : [con:0(guest@/127.0.0.1:62736/default)/ch:1] CHN-1001 : Create
2020-08-24 20:51:51.670  INFO 18228 --- [IO-/127.0.0.1:62736] qpid.message.channel.flow_enforced       : [con:0(guest@/127.0.0.1:62736/default)] [con:0(guest@/127.0.0.1:62736/default)/ch:1] CHN-1005 : Flow Control Enforced (Queue ** All Queues **)
2020-08-24 20:51:51.783  INFO 18228 --- [VirtualHostNode-default-Config] qpid.message.exchange.created            : [con:0(guest@/127.0.0.1:62736/default)/ch:1] EXH-1001 : Create : Durable Type: fanout Name: FAN_OUT_EXCHANGE
2020-08-24 20:51:52.004  INFO 18228 --- [VirtualHostNode-default-Config] qpid.message.queue.created               : [con:0(guest@/127.0.0.1:62736/default)/ch:1] [vh(/default)/qu(MY_QUEUE)] QUE-1001 : Create : ID: 2087b79d-d819-4d19-bd3c-de6d24a87ca5 Durable
2020-08-24 20:51:52.110  INFO 18228 --- [VirtualHostNode-default-Config] qpid.message.binding.created             : [con:0(guest@/127.0.0.1:62736/default)/ch:1] [vh(/default)/ex(fanout/FAN_OUT_EXCHANGE)] BND-1001 : Create : {bindingKey=, destination=MY_QUEUE, arguments={}}
2020-08-24 20:51:52.170  INFO 18228 --- [IO-/127.0.0.1:62736] qpid.message.channel.prefetch_size       : [con:0(guest@/127.0.0.1:62736/default)/ch:1] CHN-1004 : Prefetch Size (bytes) 0 : Count 250
2020-08-24 20:51:52.214  INFO 18228 --- [VirtualHostNode-default-Config] qpid.message.subscription.create         : [con:0(guest@/127.0.0.1:62736/default)/ch:1] [sub:0(vh(/default)/qu(MY_QUEUE)] SUB-1001 : Create
2020-08-24 20:52:16.179  INFO 18228 --- [Broker-Config] qpid.message.connection.open             : [con:1(/127.0.0.1:62747)] CON-1001 : Open : Destination : AMQP(127.0.0.1:8002) : Protocol Version : 0-9-1
2020-08-24 20:52:16.279  INFO 18228 --- [IO-/127.0.0.1:62747] qpid.message.connection.open             : [con:1(guest@/127.0.0.1:62747/default)] CON-1001 : Open : Destination : AMQP(127.0.0.1:8002) : Protocol Version : 0-9-1 : Client ID : 5258f6d1-fa62-4f2b-88db-82f0b6dc07b5 : Client Version : 5.9.0 : Client Product : RabbitMQ
2020-08-24 20:52:16.337  INFO 18228 --- [IO-/127.0.0.1:62747] qpid.message.channel.create              : [con:1(guest@/127.0.0.1:62747/default)/ch:1] CHN-1001 : Create
2020-08-24 20:52:16.342  INFO 18228 --- [IO-/127.0.0.1:62747] qpid.message.channel.flow_enforced       : [con:1(guest@/127.0.0.1:62747/default)] [con:1(guest@/127.0.0.1:62747/default)/ch:1] CHN-1005 : Flow Control Enforced (Queue ** All Queues **)
2020-08-24 20:53:18.524  INFO 18228 --- [IO-/127.0.0.1:62747] qpid.message.channel.create              : [con:1(guest@/127.0.0.1:62747/default)/ch:2] CHN-1001 : Create
2020-08-24 20:53:18.526  INFO 18228 --- [IO-/127.0.0.1:62747] qpid.message.channel.flow_enforced       : [con:1(guest@/127.0.0.1:62747/default)] [con:1(guest@/127.0.0.1:62747/default)/ch:2] CHN-1005 : Flow Control Enforced (Queue ** All Queues **)
2020-08-24 20:57:18.264  INFO 18228 --- [IO-/127.0.0.1:62747] qpid.message.channel.create              : [con:1(guest@/127.0.0.1:62747/default)/ch:3] CHN-1001 : Create
2020-08-24 20:57:18.267  INFO 18228 --- [IO-/127.0.0.1:62747] qpid.message.channel.flow_enforced       : [con:1(guest@/127.0.0.1:62747/default)] [con:1(guest@/127.0.0.1:62747/default)/ch:3] CHN-1005 : Flow Control Enforced (Queue ** All Queues **)
2020-08-24 20:58:03.855  INFO 18228 --- [IO-/127.0.0.1:62736] o.a.q.s.transport.NonBlockingConnection  : Exception performing I/O for connection '/127.0.0.1:62736' : Une connexion existante a dû être fermée par l’hôte distant
2020-08-24 20:58:03.868  INFO 18228 --- [VirtualHostNode-default-Config] qpid.message.subscription.close          : [IO Pool] [sub:0(vh(/default)/qu(MY_QUEUE)] SUB-1002 : Close
2020-08-24 20:58:03.875  INFO 18228 --- [IO-/127.0.0.1:62736] qpid.message.channel.close               : [IO Pool] [con:0(guest@/127.0.0.1:62736/default)/ch:1] CHN-1003 : Close
2020-08-24 20:58:03.908  INFO 18228 --- [Broker-Config] q.message.connection.dropped_connection  : [con:0(guest@/127.0.0.1:62736/default)] CON-1004 : Connection dropped
2020-08-24 20:58:33.484  INFO 18228 --- [Broker-Config] qpid.message.connection.open             : [con:2(/127.0.0.1:60525)] CON-1001 : Open : Destination : AMQP(127.0.0.1:8002) : Protocol Version : 0-9-1
2020-08-24 20:58:33.640  INFO 18228 --- [IO-/127.0.0.1:60525] qpid.message.connection.open             : [con:2(guest@/127.0.0.1:60525/default)] CON-1001 : Open : Destination : AMQP(127.0.0.1:8002) : Protocol Version : 0-9-1 : Client ID : ebb0bc73-25a3-4f9b-aae1-d79d6ed6fa8a : Client Version : 5.9.0 : Client Product : RabbitMQ
2020-08-24 20:58:33.721  INFO 18228 --- [IO-/127.0.0.1:60525] qpid.message.channel.create              : [con:2(guest@/127.0.0.1:60525/default)/ch:1] CHN-1001 : Create
2020-08-24 20:58:33.724  INFO 18228 --- [IO-/127.0.0.1:60525] qpid.message.channel.flow_enforced       : [con:2(guest@/127.0.0.1:60525/default)] [con:2(guest@/127.0.0.1:60525/default)/ch:1] CHN-1005 : Flow Control Enforced (Queue ** All Queues **)
2020-08-24 20:58:33.891  INFO 18228 --- [IO-/127.0.0.1:60525] qpid.message.channel.prefetch_size       : [con:2(guest@/127.0.0.1:60525/default)/ch:1] CHN-1004 : Prefetch Size (bytes) 0 : Count 250
2020-08-24 20:58:33.900  INFO 18228 --- [VirtualHostNode-default-Config] qpid.message.subscription.create         : [con:2(guest@/127.0.0.1:60525/default)/ch:1] [sub:1(vh(/default)/qu(MY_QUEUE)] SUB-1001 : Create
2020-08-24 20:59:23.482  INFO 18228 --- [IO-/127.0.0.1:62747] o.a.q.s.transport.NonBlockingConnection  : Exception performing I/O for connection '/127.0.0.1:62747' : Une connexion existante a dû être fermée par l’hôte distant
2020-08-24 20:59:23.483  INFO 18228 --- [IO-/127.0.0.1:62747] qpid.message.channel.close               : [IO Pool] [con:1(guest@/127.0.0.1:62747/default)/ch:1] CHN-1003 : Close
2020-08-24 20:59:23.484  INFO 18228 --- [IO-/127.0.0.1:62747] qpid.message.channel.close               : [IO Pool] [con:1(guest@/127.0.0.1:62747/default)/ch:2] CHN-1003 : Close
2020-08-24 20:59:23.485  INFO 18228 --- [IO-/127.0.0.1:62747] qpid.message.channel.close               : [IO Pool] [con:1(guest@/127.0.0.1:62747/default)/ch:3] CHN-1003 : Close
2020-08-24 20:59:23.490  INFO 18228 --- [Broker-Config] q.message.connection.dropped_connection  : [con:1(guest@/127.0.0.1:62747/default)] CON-1004 : Connection dropped
2020-08-24 21:00:32.733  INFO 18228 --- [Broker-Config] qpid.message.connection.open             : [con:3(/127.0.0.1:53609)] CON-1001 : Open : Destination : AMQP(127.0.0.1:8002) : Protocol Version : 0-9-1
2020-08-24 21:00:32.835  INFO 18228 --- [IO-/127.0.0.1:53609] qpid.message.connection.open             : [con:3(guest@/127.0.0.1:53609/default)] CON-1001 : Open : Destination : AMQP(127.0.0.1:8002) : Protocol Version : 0-9-1 : Client ID : b40d1e58-e22e-40fb-ac7a-8606222f70c5 : Client Version : 5.9.0 : Client Product : RabbitMQ
2020-08-24 21:00:32.897  INFO 18228 --- [IO-/127.0.0.1:53609] qpid.message.channel.create              : [con:3(guest@/127.0.0.1:53609/default)/ch:1] CHN-1001 : Create
2020-08-24 21:00:32.900  INFO 18228 --- [IO-/127.0.0.1:53609] qpid.message.channel.flow_enforced       : [con:3(guest@/127.0.0.1:53609/default)] [con:3(guest@/127.0.0.1:53609/default)/ch:1] CHN-1005 : Flow Control Enforced (Queue ** All Queues **)
2020-08-24 21:03:00.061  INFO 18228 --- [IO-/127.0.0.1:53609] o.a.q.s.transport.NonBlockingConnection  : Exception performing I/O for connection '/127.0.0.1:53609' : Une connexion existante a dû être fermée par l’hôte distant
2020-08-24 21:03:00.063  INFO 18228 --- [IO-/127.0.0.1:53609] qpid.message.channel.close               : [IO Pool] [con:3(guest@/127.0.0.1:53609/default)/ch:1] CHN-1003 : Close
2020-08-24 21:03:00.065  INFO 18228 --- [Broker-Config] q.message.connection.dropped_connection  : [con:3(guest@/127.0.0.1:53609/default)] CON-1004 : Connection dropped
2020-08-24 21:03:05.987  INFO 18228 --- [IO-/127.0.0.1:60525] o.a.q.s.transport.NonBlockingConnection  : Exception performing I/O for connection '/127.0.0.1:60525' : Une connexion existante a dû être fermée par l’hôte distant
2020-08-24 21:03:05.989  INFO 18228 --- [VirtualHostNode-default-Config] qpid.message.subscription.close          : [IO Pool] [sub:1(vh(/default)/qu(MY_QUEUE)] SUB-1002 : Close
2020-08-24 21:03:05.990  INFO 18228 --- [IO-/127.0.0.1:60525] qpid.message.channel.close               : [IO Pool] [con:2(guest@/127.0.0.1:60525/default)/ch:1] CHN-1003 : Close
2020-08-24 21:03:05.993  INFO 18228 --- [Broker-Config] q.message.connection.dropped_connection  : [con:2(guest@/127.0.0.1:60525/default)] CON-1004 : Connection dropped
